Cloning into 'nengo'...

Usage:   
  pip install [options] <requirement specifier> [package-index-options] ...
  pip install [options] -r <requirements file> [package-index-options] ...
  pip install [options] [-e] <vcs project url> ...
  pip install [options] [-e] <local project path> ...
  pip install [options] <archive url/path> ...

-e option requires 1 argument
Cloning into 'VDSP_ocl'...
Ignoring pip: markers 'python_version < "3"' don't match your environment
Looking in links: /cvmfs/soft.computecanada.ca/custom/python/wheelhouse/nix/avx2, /cvmfs/soft.computecanada.ca/custom/python/wheelhouse/nix/generic, /cvmfs/soft.computecanada.ca/custom/python/wheelhouse/generic
Collecting Nni (from -r requirements.txt (line 1))
Collecting numpy (from -r requirements.txt (line 2))
Collecting matplotlib (from -r requirements.txt (line 3))
Collecting pandas (from -r requirements.txt (line 4))
Collecting tensorflow (from -r requirements.txt (line 5))
  Could not find a version that satisfies the requirement tensorflow (from -r requirements.txt (line 5)) (from versions: )
No matching distribution found for tensorflow (from -r requirements.txt (line 5))
Traceback (most recent call last):
  File "mnist_multiple_exploration.py", line 5, in <module>
    import numpy as np
ModuleNotFoundError: No module named 'numpy'
tar: /localscratch/ng1998.62026974.0/VDSP_ocl: Cannot read: Is a directory
tar: At beginning of tape, quitting now
tar: Error is not recoverable: exiting now
